<?xml version="1.0" encoding="utf-8"?><testsuites name="pytest tests"><testsuite name="pytest" errors="0" failures="0" skipped="0" tests="14" time="4.068" timestamp="2026-03-13T19:29:26.650423+00:00" hostname="agent-env-56300e56-72ff-4298-8e0f-a6df602f08ee"><testcase classname="backend.tests.test_doctify.TestHealth" name="test_health_ok" time="0.331" /><testcase classname="backend.tests.test_doctify.TestPatientRegistration" name="test_register_patient_success" time="0.220" /><testcase classname="backend.tests.test_doctify.TestPatientRegistration" name="test_register_patient_missing_name" time="0.138" /><testcase classname="backend.tests.test_doctify.TestPatientRegistration" name="test_register_patient_missing_age" time="0.123" /><testcase classname="backend.tests.test_doctify.TestGetPatient" name="test_get_patient_exists" time="0.147" /><testcase classname="backend.tests.test_doctify.TestGetPatient" name="test_get_patient_not_found" time="0.186" /><testcase classname="backend.tests.test_doctify.TestConsultationAnalyze" name="test_analyze_english_transcript" time="1.096" /><testcase classname="backend.tests.test_doctify.TestConsultationAnalyze" name="test_analyze_colloquial_terms" time="0.804" /><testcase classname="backend.tests.test_doctify.TestSaveRecord" name="test_save_record" time="0.136" /><testcase classname="backend.tests.test_doctify.TestSaveRecord" name="test_save_record_persists" time="0.169" /><testcase classname="backend.tests.test_doctify.TestPharmacyUpdate" name="test_pharmacy_update" time="0.150" /><testcase classname="backend.tests.test_doctify.TestPharmacyUpdate" name="test_pharmacy_invalid_status" time="0.214" /><testcase classname="backend.tests.test_doctify.TestLabUpdate" name="test_lab_update" time="0.143" /><testcase classname="backend.tests.test_doctify.TestLabUpdate" name="test_lab_invalid_status" time="0.137" /></testsuite></testsuites>