<?xml version="1.0" encoding="utf-8"?><testsuites name="pytest tests"><testsuite name="pytest" errors="0" failures="0" skipped="0" tests="16" time="3.538" timestamp="2026-03-13T21:09:44.181694+00:00" hostname="agent-env-56300e56-72ff-4298-8e0f-a6df602f08ee"><testcase classname="backend.tests.test_doctify_v2.TestAuthLogin" name="test_doctor_login" time="0.373" /><testcase classname="backend.tests.test_doctify_v2.TestAuthLogin" name="test_pharmacy_login" time="0.183" /><testcase classname="backend.tests.test_doctify_v2.TestAuthLogin" name="test_lab_login" time="0.193" /><testcase classname="backend.tests.test_doctify_v2.TestAuthLogin" name="test_reception_login" time="0.160" /><testcase classname="backend.tests.test_doctify_v2.TestAuthLogin" name="test_wrong_password_returns_401" time="0.190" /><testcase classname="backend.tests.test_doctify_v2.TestAuthLogin" name="test_unknown_user_returns_401" time="0.214" /><testcase classname="backend.tests.test_doctify_v2.TestPatientList" name="test_list_patients_returns_array" time="0.244" /><testcase classname="backend.tests.test_doctify_v2.TestPatientList" name="test_list_patients_have_required_fields" time="0.109" /><testcase classname="backend.tests.test_doctify_v2.TestUrgencyUpdate" name="test_set_urgency_urgent" time="0.164" /><testcase classname="backend.tests.test_doctify_v2.TestUrgencyUpdate" name="test_set_urgency_critical" time="0.314" /><testcase classname="backend.tests.test_doctify_v2.TestUrgencyUpdate" name="test_set_urgency_normal" time="0.151" /><testcase classname="backend.tests.test_doctify_v2.TestUrgencyUpdate" name="test_invalid_urgency" time="0.141" /><testcase classname="backend.tests.test_doctify_v2.TestPrescriptionApproveReject" name="test_approve_prescription" time="0.584" /><testcase classname="backend.tests.test_doctify_v2.TestPrescriptionApproveReject" name="test_approve_sets_status" time="0.141" /><testcase classname="backend.tests.test_doctify_v2.TestPrescriptionApproveReject" name="test_reject_prescription" time="0.188" /><testcase classname="backend.tests.test_doctify_v2.TestPrescriptionApproveReject" name="test_reject_sets_status" time="0.115" /></testsuite></testsuites>